<?xml version="1.0" encoding="UTF-8"?>
<!-- Generated by org.testng.reporters.JUnitReportReporter -->
<testsuite hostname="Eldrid" name="test.LoginTest" tests="1" failures="0" timestamp="4 Apr 2019 23:15:15 GMT" time="7.802" errors="0">
  <testcase name="TechfiosLoginTest" time="7.802" classname="test.LoginTest"/>
</testsuite> <!-- test.LoginTest -->
