<?xml version="1.0" encoding="UTF-8"?>
<!-- Generated by org.testng.reporters.JUnitReportReporter -->
<testsuite hostname="Eldrid" name="test.AddContactTest" tests="1" failures="0" timestamp="6 Apr 2019 14:39:41 GMT" time="16.281" errors="0">
  <testcase name="AddingContact" time="16.281" classname="test.AddContactTest"/>
</testsuite> <!-- test.AddContactTest -->
